C:\Users\hp\source\repos\Login\PlantAuthentication\Client\dist\out-tsc\app\dashboard\dashboard.component.js
C:\Users\hp\source\repos\Login\PlantAuthentication\Client\dist\out-tsc\app\dashboard\dashboard.component.js.map
C:\Users\hp\source\repos\Login\PlantAuthentication\Client\dist\out-tsc\app\Shared\_Login.js
C:\Users\hp\source\repos\Login\PlantAuthentication\Client\dist\out-tsc\app\Shared\_Login.js.map
C:\Users\hp\source\repos\Login\PlantAuthentication\Client\dist\out-tsc\app\Shared\service.service.js
C:\Users\hp\source\repos\Login\PlantAuthentication\Client\dist\out-tsc\app\Shared\service.service.js.map
C:\Users\hp\source\repos\Login\PlantAuthentication\Client\dist\out-tsc\app\login\login.component.js
C:\Users\hp\source\repos\Login\PlantAuthentication\Client\dist\out-tsc\app\login\login.component.js.map
C:\Users\hp\source\repos\Login\PlantAuthentication\Client\dist\out-tsc\app\Shared\AuthGuard.js
C:\Users\hp\source\repos\Login\PlantAuthentication\Client\dist\out-tsc\app\Shared\AuthGuard.js.map
C:\Users\hp\source\repos\Login\PlantAuthentication\Client\dist\out-tsc\app\app-routing.module.js
C:\Users\hp\source\repos\Login\PlantAuthentication\Client\dist\out-tsc\app\app-routing.module.js.map
C:\Users\hp\source\repos\Login\PlantAuthentication\Client\dist\out-tsc\app\app.component.js
C:\Users\hp\source\repos\Login\PlantAuthentication\Client\dist\out-tsc\app\app.component.js.map
C:\Users\hp\source\repos\Login\PlantAuthentication\Client\dist\out-tsc\app\Shared\auth-Interceptor.js
C:\Users\hp\source\repos\Login\PlantAuthentication\Client\dist\out-tsc\app\Shared\auth-Interceptor.js.map
C:\Users\hp\source\repos\Login\PlantAuthentication\Client\dist\out-tsc\app\app.module.js
C:\Users\hp\source\repos\Login\PlantAuthentication\Client\dist\out-tsc\app\app.module.js.map
C:\Users\hp\source\repos\Login\PlantAuthentication\Client\dist\out-tsc\environments\environment.js
C:\Users\hp\source\repos\Login\PlantAuthentication\Client\dist\out-tsc\environments\environment.js.map
C:\Users\hp\source\repos\Login\PlantAuthentication\Client\dist\out-tsc\main.js
C:\Users\hp\source\repos\Login\PlantAuthentication\Client\dist\out-tsc\main.js.map
C:\Users\hp\source\repos\Login\PlantAuthentication\Client\dist\out-tsc\polyfills.js
C:\Users\hp\source\repos\Login\PlantAuthentication\Client\dist\out-tsc\polyfills.js.map
C:\Users\hp\source\repos\Login\PlantAuthentication\Client\dist\out-tsc\test.js
C:\Users\hp\source\repos\Login\PlantAuthentication\Client\dist\out-tsc\test.js.map
C:\Users\hp\source\repos\Login\PlantAuthentication\Client\dist\out-tsc\app\app.component.spec.js
C:\Users\hp\source\repos\Login\PlantAuthentication\Client\dist\out-tsc\app\app.component.spec.js.map
C:\Users\hp\source\repos\Login\PlantAuthentication\Client\dist\out-tsc\app\Shared\token-service.service.js
C:\Users\hp\source\repos\Login\PlantAuthentication\Client\dist\out-tsc\app\Shared\token-service.service.js.map
C:\Users\hp\source\repos\Login\PlantAuthentication\Client\dist\out-tsc\environments\environment.prod.js
C:\Users\hp\source\repos\Login\PlantAuthentication\Client\dist\out-tsc\environments\environment.prod.js.map
